15:54:05 **** Incremental Build of configuration Debug for project IMU_Kalman_Filter ****
make -j8 all 
arm-none-eabi-gcc "../Core/Src/main.c" -mcpu=cortex-m3 -std=gnu11 -g3 -DDEBUG -DUSE_HAL_DRIVER -DSTM32F103xB -c -I../Core/Inc -I../Drivers/STM32F1xx_HAL_Driver/Inc -I../Drivers/STM32F1xx_HAL_Driver/Inc/Legacy -I../Drivers/CMSIS/Device/ST/STM32F1xx/Include -I../Drivers/CMSIS/Include -O0 -ffunction-sections -fdata-sections -Wall -fstack-usage -MMD -MP -MF"Core/Src/main.d" -MT"Core/Src/main.o" --specs=nano.specs -mfloat-abi=soft -mthumb -o "Core/Src/main.o"
arm-none-eabi-gcc -o "IMU_Kalman_Filter.elf" @"objects.list"   -mcpu=cortex-m3 -T"C:\Users\Kerim\STM32CubeIDE\workspace_1.6.1\IMU_Kalman_Filter\STM32F103C8TX_FLASH.ld" --specs=nosys.specs -Wl,-Map="IMU_Kalman_Filter.map" -Wl,--gc-sections -static --specs=nano.specs -mfloat-abi=soft -mthumb -Wl,--start-group -lc -lm -Wl,--end-group
Finished building target: IMU_Kalman_Filter.elf
 
arm-none-eabi-objdump -h -S  IMU_Kalman_Filter.elf  > "IMU_Kalman_Filter.list"
arm-none-eabi-objcopy  -O binary  IMU_Kalman_Filter.elf  "IMU_Kalman_Filter.bin"
arm-none-eabi-size   IMU_Kalman_Filter.elf 
   text	   data	    bss	    dec	    hex	filename
  26540	    136	   2112	  28788	   7074	IMU_Kalman_Filter.elf
Finished building: default.size.stdout
 
Finished building: IMU_Kalman_Filter.bin
 
Finished building: IMU_Kalman_Filter.list
 
15:54:27 **** Incremental Build of configuration Debug for project IMU_Kalman_Filter ****
make -j8 all 
arm-none-eabi-size   IMU_Kalman_Filter.elf 
   text	   data	    bss	    dec	    hex	filename
  26540	    136	   2112	  28788	   7074	IMU_Kalman_Filter.elf
Finished building: default.size.stdout
 
16:04:05 **** Clean-only build of configuration Debug for project IMU_Kalman_Filter ****
make -j8 clean 
rm -rf *
rm: can't remove 'IMU_Kalman_Filter.elf': Permission denied
make: [makefile:86: clean] Error 1 (ignored)
 
16:04:06 **** Incremental Build of configuration Debug for project IMU_Kalman_Filter ****
make -j8 all 
arm-none-eabi-gcc "../Drivers/STM32F1xx_HAL_Driver/Src/stm32f1xx_hal.c" -mcpu=cortex-m3 -std=gnu11 -g3 -DDEBUG -DUSE_HAL_DRIVER -DSTM32F103xB -c -I../Core/Inc -I../Drivers/STM32F1xx_HAL_Driver/Inc -I../Drivers/STM32F1xx_HAL_Driver/Inc/Legacy -I../Drivers/CMSIS/Device/ST/STM32F1xx/Include -I../Drivers/CMSIS/Include -O0 -ffunction-sections -fdata-sections -Wall -fstack-usage -MMD -MP -MF"Drivers/STM32F1xx_HAL_Driver/Src/stm32f1xx_hal.d" -MT"Drivers/STM32F1xx_HAL_Driver/Src/stm32f1xx_hal.o" --specs=nano.specs -mfloat-abi=soft -mthumb -o "Drivers/STM32F1xx_HAL_Driver/Src/stm32f1xx_hal.o"
arm-none-eabi-gcc "../Drivers/STM32F1xx_HAL_Driver/Src/stm32f1xx_hal_cortex.c" -mcpu=cortex-m3 -std=gnu11 -g3 -DDEBUG -DUSE_HAL_DRIVER -DSTM32F103xB -c -I../Core/Inc -I../Drivers/STM32F1xx_HAL_Driver/Inc -I../Drivers/STM32F1xx_HAL_Driver/Inc/Legacy -I../Drivers/CMSIS/Device/ST/STM32F1xx/Include -I../Drivers/CMSIS/Include -O0 -ffunction-sections -fdata-sections -Wall -fstack-usage -MMD -MP -MF"Drivers/STM32F1xx_HAL_Driver/Src/stm32f1xx_hal_cortex.d" -MT"Drivers/STM32F1xx_HAL_Driver/Src/stm32f1xx_hal_cortex.o" --specs=nano.specs -mfloat-abi=soft -mthumb -o "Drivers/STM32F1xx_HAL_Driver/Src/stm32f1xx_hal_cortex.o"
arm-none-eabi-gcc "../Drivers/STM32F1xx_HAL_Driver/Src/stm32f1xx_hal_dma.c" -mcpu=cortex-m3 -std=gnu11 -g3 -DDEBUG -DUSE_HAL_DRIVER -DSTM32F103xB -c -I../Core/Inc -I../Drivers/STM32F1xx_HAL_Driver/Inc -I../Drivers/STM32F1xx_HAL_Driver/Inc/Legacy -I../Drivers/CMSIS/Device/ST/STM32F1xx/Include -I../Drivers/CMSIS/Include -O0 -ffunction-sections -fdata-sections -Wall -fstack-usage -MMD -MP -MF"Drivers/STM32F1xx_HAL_Driver/Src/stm32f1xx_hal_dma.d" -MT"Drivers/STM32F1xx_HAL_Driver/Src/stm32f1xx_hal_dma.o" --specs=nano.specs -mfloat-abi=soft -mthumb -o "Drivers/STM32F1xx_HAL_Driver/Src/stm32f1xx_hal_dma.o"
arm-none-eabi-gcc "../Drivers/STM32F1xx_HAL_Driver/Src/stm32f1xx_hal_exti.c" -mcpu=cortex-m3 -std=gnu11 -g3 -DDEBUG -DUSE_HAL_DRIVER -DSTM32F103xB -c -I../Core/Inc -I../Drivers/STM32F1xx_HAL_Driver/Inc -I../Drivers/STM32F1xx_HAL_Driver/Inc/Legacy -I../Drivers/CMSIS/Device/ST/STM32F1xx/Include -I../Drivers/CMSIS/Include -O0 -ffunction-sections -fdata-sections -Wall -fstack-usage -MMD -MP -MF"Drivers/STM32F1xx_HAL_Driver/Src/stm32f1xx_hal_exti.d" -MT"Drivers/STM32F1xx_HAL_Driver/Src/stm32f1xx_hal_exti.o" --specs=nano.specs -mfloat-abi=soft -mthumb -o "Drivers/STM32F1xx_HAL_Driver/Src/stm32f1xx_hal_exti.o"
arm-none-eabi-gcc "../Drivers/STM32F1xx_HAL_Driver/Src/stm32f1xx_hal_flash.c" -mcpu=cortex-m3 -std=gnu11 -g3 -DDEBUG -DUSE_HAL_DRIVER -DSTM32F103xB -c -I../Core/Inc -I../Drivers/STM32F1xx_HAL_Driver/Inc -I../Drivers/STM32F1xx_HAL_Driver/Inc/Legacy -I../Drivers/CMSIS/Device/ST/STM32F1xx/Include -I../Drivers/CMSIS/Include -O0 -ffunction-sections -fdata-sections -Wall -fstack-usage -MMD -MP -MF"Drivers/STM32F1xx_HAL_Driver/Src/stm32f1xx_hal_flash.d" -MT"Drivers/STM32F1xx_HAL_Driver/Src/stm32f1xx_hal_flash.o" --specs=nano.specs -mfloat-abi=soft -mthumb -o "Drivers/STM32F1xx_HAL_Driver/Src/stm32f1xx_hal_flash.o"
arm-none-eabi-gcc "../Drivers/STM32F1xx_HAL_Driver/Src/stm32f1xx_hal_flash_ex.c" -mcpu=cortex-m3 -std=gnu11 -g3 -DDEBUG -DUSE_HAL_DRIVER -DSTM32F103xB -c -I../Core/Inc -I../Drivers/STM32F1xx_HAL_Driver/Inc -I../Drivers/STM32F1xx_HAL_Driver/Inc/Legacy -I../Drivers/CMSIS/Device/ST/STM32F1xx/Include -I../Drivers/CMSIS/Include -O0 -ffunction-sections -fdata-sections -Wall -fstack-usage -MMD -MP -MF"Drivers/STM32F1xx_HAL_Driver/Src/stm32f1xx_hal_flash_ex.d" -MT"Drivers/STM32F1xx_HAL_Driver/Src/stm32f1xx_hal_flash_ex.o" --specs=nano.specs -mfloat-abi=soft -mthumb -o "Drivers/STM32F1xx_HAL_Driver/Src/stm32f1xx_hal_flash_ex.o"
arm-none-eabi-gcc "../Drivers/STM32F1xx_HAL_Driver/Src/stm32f1xx_hal_gpio.c" -mcpu=cortex-m3 -std=gnu11 -g3 -DDEBUG -DUSE_HAL_DRIVER -DSTM32F103xB -c -I../Core/Inc -I../Drivers/STM32F1xx_HAL_Driver/Inc -I../Drivers/STM32F1xx_HAL_Driver/Inc/Legacy -I../Drivers/CMSIS/Device/ST/STM32F1xx/Include -I../Drivers/CMSIS/Include -O0 -ffunction-sections -fdata-sections -Wall -fstack-usage -MMD -MP -MF"Drivers/STM32F1xx_HAL_Driver/Src/stm32f1xx_hal_gpio.d" -MT"Drivers/STM32F1xx_HAL_Driver/Src/stm32f1xx_hal_gpio.o" --specs=nano.specs -mfloat-abi=soft -mthumb -o "Drivers/STM32F1xx_HAL_Driver/Src/stm32f1xx_hal_gpio.o"
arm-none-eabi-gcc "../Drivers/STM32F1xx_HAL_Driver/Src/stm32f1xx_hal_gpio_ex.c" -mcpu=cortex-m3 -std=gnu11 -g3 -DDEBUG -DUSE_HAL_DRIVER -DSTM32F103xB -c -I../Core/Inc -I../Drivers/STM32F1xx_HAL_Driver/Inc -I../Drivers/STM32F1xx_HAL_Driver/Inc/Legacy -I../Drivers/CMSIS/Device/ST/STM32F1xx/Include -I../Drivers/CMSIS/Include -O0 -ffunction-sections -fdata-sections -Wall -fstack-usage -MMD -MP -MF"Drivers/STM32F1xx_HAL_Driver/Src/stm32f1xx_hal_gpio_ex.d" -MT"Drivers/STM32F1xx_HAL_Driver/Src/stm32f1xx_hal_gpio_ex.o" --specs=nano.specs -mfloat-abi=soft -mthumb -o "Drivers/STM32F1xx_HAL_Driver/Src/stm32f1xx_hal_gpio_ex.o"
arm-none-eabi-gcc "../Drivers/STM32F1xx_HAL_Driver/Src/stm32f1xx_hal_i2c.c" -mcpu=cortex-m3 -std=gnu11 -g3 -DDEBUG -DUSE_HAL_DRIVER -DSTM32F103xB -c -I../Core/Inc -I../Drivers/STM32F1xx_HAL_Driver/Inc -I../Drivers/STM32F1xx_HAL_Driver/Inc/Legacy -I../Drivers/CMSIS/Device/ST/STM32F1xx/Include -I../Drivers/CMSIS/Include -O0 -ffunction-sections -fdata-sections -Wall -fstack-usage -MMD -MP -MF"Drivers/STM32F1xx_HAL_Driver/Src/stm32f1xx_hal_i2c.d" -MT"Drivers/STM32F1xx_HAL_Driver/Src/stm32f1xx_hal_i2c.o" --specs=nano.specs -mfloat-abi=soft -mthumb -o "Drivers/STM32F1xx_HAL_Driver/Src/stm32f1xx_hal_i2c.o"
arm-none-eabi-gcc "../Drivers/STM32F1xx_HAL_Driver/Src/stm32f1xx_hal_pwr.c" -mcpu=cortex-m3 -std=gnu11 -g3 -DDEBUG -DUSE_HAL_DRIVER -DSTM32F103xB -c -I../Core/Inc -I../Drivers/STM32F1xx_HAL_Driver/Inc -I../Drivers/STM32F1xx_HAL_Driver/Inc/Legacy -I../Drivers/CMSIS/Device/ST/STM32F1xx/Include -I../Drivers/CMSIS/Include -O0 -ffunction-sections -fdata-sections -Wall -fstack-usage -MMD -MP -MF"Drivers/STM32F1xx_HAL_Driver/Src/stm32f1xx_hal_pwr.d" -MT"Drivers/STM32F1xx_HAL_Driver/Src/stm32f1xx_hal_pwr.o" --specs=nano.specs -mfloat-abi=soft -mthumb -o "Drivers/STM32F1xx_HAL_Driver/Src/stm32f1xx_hal_pwr.o"
arm-none-eabi-gcc "../Drivers/STM32F1xx_HAL_Driver/Src/stm32f1xx_hal_rcc.c" -mcpu=cortex-m3 -std=gnu11 -g3 -DDEBUG -DUSE_HAL_DRIVER -DSTM32F103xB -c -I../Core/Inc -I../Drivers/STM32F1xx_HAL_Driver/Inc -I../Drivers/STM32F1xx_HAL_Driver/Inc/Legacy -I../Drivers/CMSIS/Device/ST/STM32F1xx/Include -I../Drivers/CMSIS/Include -O0 -ffunction-sections -fdata-sections -Wall -fstack-usage -MMD -MP -MF"Drivers/STM32F1xx_HAL_Driver/Src/stm32f1xx_hal_rcc.d" -MT"Drivers/STM32F1xx_HAL_Driver/Src/stm32f1xx_hal_rcc.o" --specs=nano.specs -mfloat-abi=soft -mthumb -o "Drivers/STM32F1xx_HAL_Driver/Src/stm32f1xx_hal_rcc.o"
arm-none-eabi-gcc "../Drivers/STM32F1xx_HAL_Driver/Src/stm32f1xx_hal_rcc_ex.c" -mcpu=cortex-m3 -std=gnu11 -g3 -DDEBUG -DUSE_HAL_DRIVER -DSTM32F103xB -c -I../Core/Inc -I../Drivers/STM32F1xx_HAL_Driver/Inc -I../Drivers/STM32F1xx_HAL_Driver/Inc/Legacy -I../Drivers/CMSIS/Device/ST/STM32F1xx/Include -I../Drivers/CMSIS/Include -O0 -ffunction-sections -fdata-sections -Wall -fstack-usage -MMD -MP -MF"Drivers/STM32F1xx_HAL_Driver/Src/stm32f1xx_hal_rcc_ex.d" -MT"Drivers/STM32F1xx_HAL_Driver/Src/stm32f1xx_hal_rcc_ex.o" --specs=nano.specs -mfloat-abi=soft -mthumb -o "Drivers/STM32F1xx_HAL_Driver/Src/stm32f1xx_hal_rcc_ex.o"
arm-none-eabi-gcc "../Drivers/STM32F1xx_HAL_Driver/Src/stm32f1xx_hal_tim.c" -mcpu=cortex-m3 -std=gnu11 -g3 -DDEBUG -DUSE_HAL_DRIVER -DSTM32F103xB -c -I../Core/Inc -I../Drivers/STM32F1xx_HAL_Driver/Inc -I../Drivers/STM32F1xx_HAL_Driver/Inc/Legacy -I../Drivers/CMSIS/Device/ST/STM32F1xx/Include -I../Drivers/CMSIS/Include -O0 -ffunction-sections -fdata-sections -Wall -fstack-usage -MMD -MP -MF"Drivers/STM32F1xx_HAL_Driver/Src/stm32f1xx_hal_tim.d" -MT"Drivers/STM32F1xx_HAL_Driver/Src/stm32f1xx_hal_tim.o" --specs=nano.specs -mfloat-abi=soft -mthumb -o "Drivers/STM32F1xx_HAL_Driver/Src/stm32f1xx_hal_tim.o"
arm-none-eabi-gcc "../Drivers/STM32F1xx_HAL_Driver/Src/stm32f1xx_hal_tim_ex.c" -mcpu=cortex-m3 -std=gnu11 -g3 -DDEBUG -DUSE_HAL_DRIVER -DSTM32F103xB -c -I../Core/Inc -I../Drivers/STM32F1xx_HAL_Driver/Inc -I../Drivers/STM32F1xx_HAL_Driver/Inc/Legacy -I../Drivers/CMSIS/Device/ST/STM32F1xx/Include -I../Drivers/CMSIS/Include -O0 -ffunction-sections -fdata-sections -Wall -fstack-usage -MMD -MP -MF"Drivers/STM32F1xx_HAL_Driver/Src/stm32f1xx_hal_tim_ex.d" -MT"Drivers/STM32F1xx_HAL_Driver/Src/stm32f1xx_hal_tim_ex.o" --specs=nano.specs -mfloat-abi=soft -mthumb -o "Drivers/STM32F1xx_HAL_Driver/Src/stm32f1xx_hal_tim_ex.o"
arm-none-eabi-gcc "../Drivers/STM32F1xx_HAL_Driver/Src/stm32f1xx_hal_uart.c" -mcpu=cortex-m3 -std=gnu11 -g3 -DDEBUG -DUSE_HAL_DRIVER -DSTM32F103xB -c -I../Core/Inc -I../Drivers/STM32F1xx_HAL_Driver/Inc -I../Drivers/STM32F1xx_HAL_Driver/Inc/Legacy -I../Drivers/CMSIS/Device/ST/STM32F1xx/Include -I../Drivers/CMSIS/Include -O0 -ffunction-sections -fdata-sections -Wall -fstack-usage -MMD -MP -MF"Drivers/STM32F1xx_HAL_Driver/Src/stm32f1xx_hal_uart.d" -MT"Drivers/STM32F1xx_HAL_Driver/Src/stm32f1xx_hal_uart.o" --specs=nano.specs -mfloat-abi=soft -mthumb -o "Drivers/STM32F1xx_HAL_Driver/Src/stm32f1xx_hal_uart.o"
arm-none-eabi-gcc -mcpu=cortex-m3 -g3 -c -x assembler-with-cpp -MMD -MP -MF"Core/Startup/startup_stm32f103c8tx.d" -MT"Core/Startup/startup_stm32f103c8tx.o" --specs=nano.specs -mfloat-abi=soft -mthumb -o "Core/Startup/startup_stm32f103c8tx.o" "../Core/Startup/startup_stm32f103c8tx.s"
arm-none-eabi-gcc "../Core/Src/main.c" -mcpu=cortex-m3 -std=gnu11 -g3 -DDEBUG -DUSE_HAL_DRIVER -DSTM32F103xB -c -I../Core/Inc -I../Drivers/STM32F1xx_HAL_Driver/Inc -I../Drivers/STM32F1xx_HAL_Driver/Inc/Legacy -I../Drivers/CMSIS/Device/ST/STM32F1xx/Include -I../Drivers/CMSIS/Include -O0 -ffunction-sections -fdata-sections -Wall -fstack-usage -MMD -MP -MF"Core/Src/main.d" -MT"Core/Src/main.o" --specs=nano.specs -mfloat-abi=soft -mthumb -o "Core/Src/main.o"
arm-none-eabi-gcc "../Core/Src/stm32f1xx_hal_msp.c" -mcpu=cortex-m3 -std=gnu11 -g3 -DDEBUG -DUSE_HAL_DRIVER -DSTM32F103xB -c -I../Core/Inc -I../Drivers/STM32F1xx_HAL_Driver/Inc -I../Drivers/STM32F1xx_HAL_Driver/Inc/Legacy -I../Drivers/CMSIS/Device/ST/STM32F1xx/Include -I../Drivers/CMSIS/Include -O0 -ffunction-sections -fdata-sections -Wall -fstack-usage -MMD -MP -MF"Core/Src/stm32f1xx_hal_msp.d" -MT"Core/Src/stm32f1xx_hal_msp.o" --specs=nano.specs -mfloat-abi=soft -mthumb -o "Core/Src/stm32f1xx_hal_msp.o"
arm-none-eabi-gcc "../Core/Src/stm32f1xx_it.c" -mcpu=cortex-m3 -std=gnu11 -g3 -DDEBUG -DUSE_HAL_DRIVER -DSTM32F103xB -c -I../Core/Inc -I../Drivers/STM32F1xx_HAL_Driver/Inc -I../Drivers/STM32F1xx_HAL_Driver/Inc/Legacy -I../Drivers/CMSIS/Device/ST/STM32F1xx/Include -I../Drivers/CMSIS/Include -O0 -ffunction-sections -fdata-sections -Wall -fstack-usage -MMD -MP -MF"Core/Src/stm32f1xx_it.d" -MT"Core/Src/stm32f1xx_it.o" --specs=nano.specs -mfloat-abi=soft -mthumb -o "Core/Src/stm32f1xx_it.o"
arm-none-eabi-gcc "../Core/Src/syscalls.c" -mcpu=cortex-m3 -std=gnu11 -g3 -DDEBUG -DUSE_HAL_DRIVER -DSTM32F103xB -c -I../Core/Inc -I../Drivers/STM32F1xx_HAL_Driver/Inc -I../Drivers/STM32F1xx_HAL_Driver/Inc/Legacy -I../Drivers/CMSIS/Device/ST/STM32F1xx/Include -I../Drivers/CMSIS/Include -O0 -ffunction-sections -fdata-sections -Wall -fstack-usage -MMD -MP -MF"Core/Src/syscalls.d" -MT"Core/Src/syscalls.o" --specs=nano.specs -mfloat-abi=soft -mthumb -o "Core/Src/syscalls.o"
arm-none-eabi-gcc "../Core/Src/sysmem.c" -mcpu=cortex-m3 -std=gnu11 -g3 -DDEBUG -DUSE_HAL_DRIVER -DSTM32F103xB -c -I../Core/Inc -I../Drivers/STM32F1xx_HAL_Driver/Inc -I../Drivers/STM32F1xx_HAL_Driver/Inc/Legacy -I../Drivers/CMSIS/Device/ST/STM32F1xx/Include -I../Drivers/CMSIS/Include -O0 -ffunction-sections -fdata-sections -Wall -fstack-usage -MMD -MP -MF"Core/Src/sysmem.d" -MT"Core/Src/sysmem.o" --specs=nano.specs -mfloat-abi=soft -mthumb -o "Core/Src/sysmem.o"
arm-none-eabi-gcc "../Core/Src/system_stm32f1xx.c" -mcpu=cortex-m3 -std=gnu11 -g3 -DDEBUG -DUSE_HAL_DRIVER -DSTM32F103xB -c -I../Core/Inc -I../Drivers/STM32F1xx_HAL_Driver/Inc -I../Drivers/STM32F1xx_HAL_Driver/Inc/Legacy -I../Drivers/CMSIS/Device/ST/STM32F1xx/Include -I../Drivers/CMSIS/Include -O0 -ffunction-sections -fdata-sections -Wall -fstack-usage -MMD -MP -MF"Core/Src/system_stm32f1xx.d" -MT"Core/Src/system_stm32f1xx.o" --specs=nano.specs -mfloat-abi=soft -mthumb -o "Core/Src/system_stm32f1xx.o"
arm-none-eabi-gcc -o "IMU_Kalman_Filter.elf" @"objects.list"   -mcpu=cortex-m3 -T"C:\Users\Kerim\STM32CubeIDE\workspace_1.6.1\IMU_Kalman_Filter\STM32F103C8TX_FLASH.ld" --specs=nosys.specs -Wl,-Map="IMU_Kalman_Filter.map" -Wl,--gc-sections -static -u _printf_float --specs=nano.specs -mfloat-abi=soft -mthumb -Wl,--start-group -lc -lm -Wl,--end-group
Finished building target: IMU_Kalman_Filter.elf
 
arm-none-eabi-size   IMU_Kalman_Filter.elf 
arm-none-eabi-objdump -h -S  IMU_Kalman_Filter.elf  > "IMU_Kalman_Filter.list"
arm-none-eabi-objcopy  -O binary  IMU_Kalman_Filter.elf  "IMU_Kalman_Filter.bin"
   text	   data	    bss	    dec	    hex	filename
  37252	    500	   2108	  39860	   9bb4	IMU_Kalman_Filter.elf
Finished building: default.size.stdout
 
Finished building: IMU_Kalman_Filter.bin
 
Finished building: IMU_Kalman_Filter.list
 
16:07:26 **** Incremental Build of configuration Debug for project IMU_Kalman_Filter ****
make -j8 all 
arm-none-eabi-gcc "../Core/Src/main.c" -mcpu=cortex-m3 -std=gnu11 -g3 -DDEBUG -DUSE_HAL_DRIVER -DSTM32F103xB -c -I../Core/Inc -I../Drivers/STM32F1xx_HAL_Driver/Inc -I../Drivers/STM32F1xx_HAL_Driver/Inc/Legacy -I../Drivers/CMSIS/Device/ST/STM32F1xx/Include -I../Drivers/CMSIS/Include -O0 -ffunction-sections -fdata-sections -Wall -fstack-usage -MMD -MP -MF"Core/Src/main.d" -MT"Core/Src/main.o" --specs=nano.specs -mfloat-abi=soft -mthumb -o "Core/Src/main.o"
arm-none-eabi-gcc -o "IMU_Kalman_Filter.elf" @"objects.list"   -mcpu=cortex-m3 -T"C:\Users\Kerim\STM32CubeIDE\workspace_1.6.1\IMU_Kalman_Filter\STM32F103C8TX_FLASH.ld" --specs=nosys.specs -Wl,-Map="IMU_Kalman_Filter.map" -Wl,--gc-sections -static -u _printf_float --specs=nano.specs -mfloat-abi=soft -mthumb -Wl,--start-group -lc -lm -Wl,--end-group
Finished building target: IMU_Kalman_Filter.elf
 
arm-none-eabi-objdump -h -S  IMU_Kalman_Filter.elf  > "IMU_Kalman_Filter.list"
arm-none-eabi-objcopy  -O binary  IMU_Kalman_Filter.elf  "IMU_Kalman_Filter.bin"
arm-none-eabi-size   IMU_Kalman_Filter.elf 
   text	   data	    bss	    dec	    hex	filename
  37236	    500	   2108	  39844	   9ba4	IMU_Kalman_Filter.elf
Finished building: default.size.stdout
 
Finished building: IMU_Kalman_Filter.bin
 
Finished building: IMU_Kalman_Filter.list
 
16:08:51 **** Incremental Build of configuration Debug for project IMU_Kalman_Filter ****
make -j8 all 
arm-none-eabi-gcc "../Core/Src/main.c" -mcpu=cortex-m3 -std=gnu11 -g3 -DDEBUG -DUSE_HAL_DRIVER -DSTM32F103xB -c -I../Core/Inc -I../Drivers/STM32F1xx_HAL_Driver/Inc -I../Drivers/STM32F1xx_HAL_Driver/Inc/Legacy -I../Drivers/CMSIS/Device/ST/STM32F1xx/Include -I../Drivers/CMSIS/Include -O0 -ffunction-sections -fdata-sections -Wall -fstack-usage -MMD -MP -MF"Core/Src/main.d" -MT"Core/Src/main.o" --specs=nano.specs -mfloat-abi=soft -mthumb -o "Core/Src/main.o"
arm-none-eabi-gcc -o "IMU_Kalman_Filter.elf" @"objects.list"   -mcpu=cortex-m3 -T"C:\Users\Kerim\STM32CubeIDE\workspace_1.6.1\IMU_Kalman_Filter\STM32F103C8TX_FLASH.ld" --specs=nosys.specs -Wl,-Map="IMU_Kalman_Filter.map" -Wl,--gc-sections -static -u _printf_float --specs=nano.specs -mfloat-abi=soft -mthumb -Wl,--start-group -lc -lm -Wl,--end-group
Finished building target: IMU_Kalman_Filter.elf
 
arm-none-eabi-objdump -h -S  IMU_Kalman_Filter.elf  > "IMU_Kalman_Filter.list"
arm-none-eabi-objcopy  -O binary  IMU_Kalman_Filter.elf  "IMU_Kalman_Filter.bin"
arm-none-eabi-size   IMU_Kalman_Filter.elf 
   text	   data	    bss	    dec	    hex	filename
  37244	    500	   2108	  39852	   9bac	IMU_Kalman_Filter.elf
Finished building: default.size.stdout
 
Finished building: IMU_Kalman_Filter.bin
 
Finished building: IMU_Kalman_Filter.list
 
16:09:27 **** Incremental Build of configuration Debug for project IMU_Kalman_Filter ****
make -j8 all 
arm-none-eabi-gcc "../Core/Src/main.c" -mcpu=cortex-m3 -std=gnu11 -g3 -DDEBUG -DUSE_HAL_DRIVER -DSTM32F103xB -c -I../Core/Inc -I../Drivers/STM32F1xx_HAL_Driver/Inc -I../Drivers/STM32F1xx_HAL_Driver/Inc/Legacy -I../Drivers/CMSIS/Device/ST/STM32F1xx/Include -I../Drivers/CMSIS/Include -O0 -ffunction-sections -fdata-sections -Wall -fstack-usage -MMD -MP -MF"Core/Src/main.d" -MT"Core/Src/main.o" --specs=nano.specs -mfloat-abi=soft -mthumb -o "Core/Src/main.o"
arm-none-eabi-gcc -o "IMU_Kalman_Filter.elf" @"objects.list"   -mcpu=cortex-m3 -T"C:\Users\Kerim\STM32CubeIDE\workspace_1.6.1\IMU_Kalman_Filter\STM32F103C8TX_FLASH.ld" --specs=nosys.specs -Wl,-Map="IMU_Kalman_Filter.map" -Wl,--gc-sections -static -u _printf_float --specs=nano.specs -mfloat-abi=soft -mthumb -Wl,--start-group -lc -lm -Wl,--end-group
Finished building target: IMU_Kalman_Filter.elf
 
arm-none-eabi-objdump -h -S  IMU_Kalman_Filter.elf  > "IMU_Kalman_Filter.list"
arm-none-eabi-objcopy  -O binary  IMU_Kalman_Filter.elf  "IMU_Kalman_Filter.bin"
arm-none-eabi-size   IMU_Kalman_Filter.elf 
   text	   data	    bss	    dec	    hex	filename
  37244	    500	   2108	  39852	   9bac	IMU_Kalman_Filter.elf
Finished building: default.size.stdout
 
Finished building: IMU_Kalman_Filter.bin
 
Finished building: IMU_Kalman_Filter.list
 
16:10:08 **** Incremental Build of configuration Debug for project IMU_Kalman_Filter ****
make -j8 all 
arm-none-eabi-gcc "../Core/Src/main.c" -mcpu=cortex-m3 -std=gnu11 -g3 -DDEBUG -DUSE_HAL_DRIVER -DSTM32F103xB -c -I../Core/Inc -I../Drivers/STM32F1xx_HAL_Driver/Inc -I../Drivers/STM32F1xx_HAL_Driver/Inc/Legacy -I../Drivers/CMSIS/Device/ST/STM32F1xx/Include -I../Drivers/CMSIS/Include -O0 -ffunction-sections -fdata-sections -Wall -fstack-usage -MMD -MP -MF"Core/Src/main.d" -MT"Core/Src/main.o" --specs=nano.specs -mfloat-abi=soft -mthumb -o "Core/Src/main.o"
arm-none-eabi-gcc -o "IMU_Kalman_Filter.elf" @"objects.list"   -mcpu=cortex-m3 -T"C:\Users\Kerim\STM32CubeIDE\workspace_1.6.1\IMU_Kalman_Filter\STM32F103C8TX_FLASH.ld" --specs=nosys.specs -Wl,-Map="IMU_Kalman_Filter.map" -Wl,--gc-sections -static -u _printf_float --specs=nano.specs -mfloat-abi=soft -mthumb -Wl,--start-group -lc -lm -Wl,--end-group
Finished building target: IMU_Kalman_Filter.elf
 
arm-none-eabi-objdump -h -S  IMU_Kalman_Filter.elf  > "IMU_Kalman_Filter.list"
arm-none-eabi-objcopy  -O binary  IMU_Kalman_Filter.elf  "IMU_Kalman_Filter.bin"
arm-none-eabi-size   IMU_Kalman_Filter.elf 
   text	   data	    bss	    dec	    hex	filename
  37252	    500	   2108	  39860	   9bb4	IMU_Kalman_Filter.elf
Finished building: default.size.stdout
 
Finished building: IMU_Kalman_Filter.bin
 
Finished building: IMU_Kalman_Filter.list
 
16:10:31 **** Incremental Build of configuration Debug for project IMU_Kalman_Filter ****
make -j8 all 
arm-none-eabi-gcc "../Core/Src/main.c" -mcpu=cortex-m3 -std=gnu11 -g3 -DDEBUG -DUSE_HAL_DRIVER -DSTM32F103xB -c -I../Core/Inc -I../Drivers/STM32F1xx_HAL_Driver/Inc -I../Drivers/STM32F1xx_HAL_Driver/Inc/Legacy -I../Drivers/CMSIS/Device/ST/STM32F1xx/Include -I../Drivers/CMSIS/Include -O0 -ffunction-sections -fdata-sections -Wall -fstack-usage -MMD -MP -MF"Core/Src/main.d" -MT"Core/Src/main.o" --specs=nano.specs -mfloat-abi=soft -mthumb -o "Core/Src/main.o"
arm-none-eabi-gcc -o "IMU_Kalman_Filter.elf" @"objects.list"   -mcpu=cortex-m3 -T"C:\Users\Kerim\STM32CubeIDE\workspace_1.6.1\IMU_Kalman_Filter\STM32F103C8TX_FLASH.ld" --specs=nosys.specs -Wl,-Map="IMU_Kalman_Filter.map" -Wl,--gc-sections -static -u _printf_float --specs=nano.specs -mfloat-abi=soft -mthumb -Wl,--start-group -lc -lm -Wl,--end-group
Finished building target: IMU_Kalman_Filter.elf
 
arm-none-eabi-objdump -h -S  IMU_Kalman_Filter.elf  > "IMU_Kalman_Filter.list"
arm-none-eabi-objcopy  -O binary  IMU_Kalman_Filter.elf  "IMU_Kalman_Filter.bin"
arm-none-eabi-size   IMU_Kalman_Filter.elf 
   text	   data	    bss	    dec	    hex	filename
  37252	    500	   2108	  39860	   9bb4	IMU_Kalman_Filter.elf
Finished building: default.size.stdout
 
Finished building: IMU_Kalman_Filter.bin
 
Finished building: IMU_Kalman_Filter.list
 
16:11:40 **** Incremental Build of configuration Debug for project IMU_Kalman_Filter ****
make -j8 all 
arm-none-eabi-gcc "../Core/Src/main.c" -mcpu=cortex-m3 -std=gnu11 -g3 -DDEBUG -DUSE_HAL_DRIVER -DSTM32F103xB -c -I../Core/Inc -I../Drivers/STM32F1xx_HAL_Driver/Inc -I../Drivers/STM32F1xx_HAL_Driver/Inc/Legacy -I../Drivers/CMSIS/Device/ST/STM32F1xx/Include -I../Drivers/CMSIS/Include -O0 -ffunction-sections -fdata-sections -Wall -fstack-usage -MMD -MP -MF"Core/Src/main.d" -MT"Core/Src/main.o" --specs=nano.specs -mfloat-abi=soft -mthumb -o "Core/Src/main.o"
arm-none-eabi-gcc -o "IMU_Kalman_Filter.elf" @"objects.list"   -mcpu=cortex-m3 -T"C:\Users\Kerim\STM32CubeIDE\workspace_1.6.1\IMU_Kalman_Filter\STM32F103C8TX_FLASH.ld" --specs=nosys.specs -Wl,-Map="IMU_Kalman_Filter.map" -Wl,--gc-sections -static -u _printf_float --specs=nano.specs -mfloat-abi=soft -mthumb -Wl,--start-group -lc -lm -Wl,--end-group
Finished building target: IMU_Kalman_Filter.elf
 
arm-none-eabi-objdump -h -S  IMU_Kalman_Filter.elf  > "IMU_Kalman_Filter.list"
arm-none-eabi-objcopy  -O binary  IMU_Kalman_Filter.elf  "IMU_Kalman_Filter.bin"
arm-none-eabi-size   IMU_Kalman_Filter.elf 
   text	   data	    bss	    dec	    hex	filename
  37252	    500	   2180	  39932	   9bfc	IMU_Kalman_Filter.elf
Finished building: default.size.stdout
 
Finished building: IMU_Kalman_Filter.bin
 
Finished building: IMU_Kalman_Filter.list
 
16:12:03 **** Incremental Build of configuration Debug for project IMU_Kalman_Filter ****
make -j8 all 
arm-none-eabi-gcc "../Core/Src/main.c" -mcpu=cortex-m3 -std=gnu11 -g3 -DDEBUG -DUSE_HAL_DRIVER -DSTM32F103xB -c -I../Core/Inc -I../Drivers/STM32F1xx_HAL_Driver/Inc -I../Drivers/STM32F1xx_HAL_Driver/Inc/Legacy -I../Drivers/CMSIS/Device/ST/STM32F1xx/Include -I../Drivers/CMSIS/Include -O0 -ffunction-sections -fdata-sections -Wall -fstack-usage -MMD -MP -MF"Core/Src/main.d" -MT"Core/Src/main.o" --specs=nano.specs -mfloat-abi=soft -mthumb -o "Core/Src/main.o"
arm-none-eabi-gcc -o "IMU_Kalman_Filter.elf" @"objects.list"   -mcpu=cortex-m3 -T"C:\Users\Kerim\STM32CubeIDE\workspace_1.6.1\IMU_Kalman_Filter\STM32F103C8TX_FLASH.ld" --specs=nosys.specs -Wl,-Map="IMU_Kalman_Filter.map" -Wl,--gc-sections -static -u _printf_float --specs=nano.specs -mfloat-abi=soft -mthumb -Wl,--start-group -lc -lm -Wl,--end-group
Finished building target: IMU_Kalman_Filter.elf
 
arm-none-eabi-objdump -h -S  IMU_Kalman_Filter.elf  > "IMU_Kalman_Filter.list"
arm-none-eabi-objcopy  -O binary  IMU_Kalman_Filter.elf  "IMU_Kalman_Filter.bin"
arm-none-eabi-size   IMU_Kalman_Filter.elf 
   text	   data	    bss	    dec	    hex	filename
  37252	    500	   2180	  39932	   9bfc	IMU_Kalman_Filter.elf
Finished building: default.size.stdout
 
Finished building: IMU_Kalman_Filter.bin
 
Finished building: IMU_Kalman_Filter.list
 
16:12:39 **** Incremental Build of configuration Debug for project IMU_Kalman_Filter ****
make -j8 all 
arm-none-eabi-gcc "../Core/Src/main.c" -mcpu=cortex-m3 -std=gnu11 -g3 -DDEBUG -DUSE_HAL_DRIVER -DSTM32F103xB -c -I../Core/Inc -I../Drivers/STM32F1xx_HAL_Driver/Inc -I../Drivers/STM32F1xx_HAL_Driver/Inc/Legacy -I../Drivers/CMSIS/Device/ST/STM32F1xx/Include -I../Drivers/CMSIS/Include -O0 -ffunction-sections -fdata-sections -Wall -fstack-usage -MMD -MP -MF"Core/Src/main.d" -MT"Core/Src/main.o" --specs=nano.specs -mfloat-abi=soft -mthumb -o "Core/Src/main.o"
arm-none-eabi-gcc -o "IMU_Kalman_Filter.elf" @"objects.list"   -mcpu=cortex-m3 -T"C:\Users\Kerim\STM32CubeIDE\workspace_1.6.1\IMU_Kalman_Filter\STM32F103C8TX_FLASH.ld" --specs=nosys.specs -Wl,-Map="IMU_Kalman_Filter.map" -Wl,--gc-sections -static -u _printf_float --specs=nano.specs -mfloat-abi=soft -mthumb -Wl,--start-group -lc -lm -Wl,--end-group
Finished building target: IMU_Kalman_Filter.elf
 
arm-none-eabi-objdump -h -S  IMU_Kalman_Filter.elf  > "IMU_Kalman_Filter.list"
arm-none-eabi-objcopy  -O binary  IMU_Kalman_Filter.elf  "IMU_Kalman_Filter.bin"
arm-none-eabi-size   IMU_Kalman_Filter.elf 
   text	   data	    bss	    dec	    hex	filename
  37252	    500	   2180	  39932	   9bfc	IMU_Kalman_Filter.elf
Finished building: default.size.stdout
 
Finished building: IMU_Kalman_Filter.bin
 
Finished building: IMU_Kalman_Filter.list
 
16:13:09 **** Incremental Build of configuration Debug for project IMU_Kalman_Filter ****
make -j8 all 
arm-none-eabi-gcc "../Core/Src/main.c" -mcpu=cortex-m3 -std=gnu11 -g3 -DDEBUG -DUSE_HAL_DRIVER -DSTM32F103xB -c -I../Core/Inc -I../Drivers/STM32F1xx_HAL_Driver/Inc -I../Drivers/STM32F1xx_HAL_Driver/Inc/Legacy -I../Drivers/CMSIS/Device/ST/STM32F1xx/Include -I../Drivers/CMSIS/Include -O0 -ffunction-sections -fdata-sections -Wall -fstack-usage -MMD -MP -MF"Core/Src/main.d" -MT"Core/Src/main.o" --specs=nano.specs -mfloat-abi=soft -mthumb -o "Core/Src/main.o"
arm-none-eabi-gcc -o "IMU_Kalman_Filter.elf" @"objects.list"   -mcpu=cortex-m3 -T"C:\Users\Kerim\STM32CubeIDE\workspace_1.6.1\IMU_Kalman_Filter\STM32F103C8TX_FLASH.ld" --specs=nosys.specs -Wl,-Map="IMU_Kalman_Filter.map" -Wl,--gc-sections -static -u _printf_float --specs=nano.specs -mfloat-abi=soft -mthumb -Wl,--start-group -lc -lm -Wl,--end-group
Finished building target: IMU_Kalman_Filter.elf
 
arm-none-eabi-objdump -h -S  IMU_Kalman_Filter.elf  > "IMU_Kalman_Filter.list"
arm-none-eabi-objcopy  -O binary  IMU_Kalman_Filter.elf  "IMU_Kalman_Filter.bin"
arm-none-eabi-size   IMU_Kalman_Filter.elf 
   text	   data	    bss	    dec	    hex	filename
  37252	    500	   2180	  39932	   9bfc	IMU_Kalman_Filter.elf
Finished building: default.size.stdout
 
Finished building: IMU_Kalman_Filter.bin
 
Finished building: IMU_Kalman_Filter.list
 
16:13:35 **** Incremental Build of configuration Debug for project IMU_Kalman_Filter ****
make -j8 all 
arm-none-eabi-gcc "../Core/Src/main.c" -mcpu=cortex-m3 -std=gnu11 -g3 -DDEBUG -DUSE_HAL_DRIVER -DSTM32F103xB -c -I../Core/Inc -I../Drivers/STM32F1xx_HAL_Driver/Inc -I../Drivers/STM32F1xx_HAL_Driver/Inc/Legacy -I../Drivers/CMSIS/Device/ST/STM32F1xx/Include -I../Drivers/CMSIS/Include -O0 -ffunction-sections -fdata-sections -Wall -fstack-usage -MMD -MP -MF"Core/Src/main.d" -MT"Core/Src/main.o" --specs=nano.specs -mfloat-abi=soft -mthumb -o "Core/Src/main.o"
arm-none-eabi-gcc -o "IMU_Kalman_Filter.elf" @"objects.list"   -mcpu=cortex-m3 -T"C:\Users\Kerim\STM32CubeIDE\workspace_1.6.1\IMU_Kalman_Filter\STM32F103C8TX_FLASH.ld" --specs=nosys.specs -Wl,-Map="IMU_Kalman_Filter.map" -Wl,--gc-sections -static -u _printf_float --specs=nano.specs -mfloat-abi=soft -mthumb -Wl,--start-group -lc -lm -Wl,--end-group
Finished building target: IMU_Kalman_Filter.elf
 
arm-none-eabi-objdump -h -S  IMU_Kalman_Filter.elf  > "IMU_Kalman_Filter.list"
arm-none-eabi-objcopy  -O binary  IMU_Kalman_Filter.elf  "IMU_Kalman_Filter.bin"
arm-none-eabi-size   IMU_Kalman_Filter.elf 
   text	   data	    bss	    dec	    hex	filename
  37252	    500	   2180	  39932	   9bfc	IMU_Kalman_Filter.elf
Finished building: default.size.stdout
 
Finished building: IMU_Kalman_Filter.bin
 
Finished building: IMU_Kalman_Filter.list
 
16:20:37 **** Incremental Build of configuration Debug for project IMU_Kalman_Filter ****
make -j8 all 
arm-none-eabi-gcc "../Core/Src/main.c" -mcpu=cortex-m3 -std=gnu11 -g3 -DDEBUG -DUSE_HAL_DRIVER -DSTM32F103xB -c -I../Core/Inc -I../Drivers/STM32F1xx_HAL_Driver/Inc -I../Drivers/STM32F1xx_HAL_Driver/Inc/Legacy -I../Drivers/CMSIS/Device/ST/STM32F1xx/Include -I../Drivers/CMSIS/Include -O0 -ffunction-sections -fdata-sections -Wall -fstack-usage -MMD -MP -MF"Core/Src/main.d" -MT"Core/Src/main.o" --specs=nano.specs -mfloat-abi=soft -mthumb -o "Core/Src/main.o"
arm-none-eabi-gcc -o "IMU_Kalman_Filter.elf" @"objects.list"   -mcpu=cortex-m3 -T"C:\Users\Kerim\STM32CubeIDE\workspace_1.6.1\IMU_Kalman_Filter\STM32F103C8TX_FLASH.ld" --specs=nosys.specs -Wl,-Map="IMU_Kalman_Filter.map" -Wl,--gc-sections -static -u _printf_float --specs=nano.specs -mfloat-abi=soft -mthumb -Wl,--start-group -lc -lm -Wl,--end-group
Finished building target: IMU_Kalman_Filter.elf
 
arm-none-eabi-objdump -h -S  IMU_Kalman_Filter.elf  > "IMU_Kalman_Filter.list"
arm-none-eabi-objcopy  -O binary  IMU_Kalman_Filter.elf  "IMU_Kalman_Filter.bin"
arm-none-eabi-size   IMU_Kalman_Filter.elf 
   text	   data	    bss	    dec	    hex	filename
  35780	    500	   2180	  38460	   963c	IMU_Kalman_Filter.elf
Finished building: default.size.stdout
 
Finished building: IMU_Kalman_Filter.bin
 
Finished building: IMU_Kalman_Filter.list
 
16:21:58 **** Incremental Build of configuration Debug for project IMU_Kalman_Filter ****
make -j8 all 
arm-none-eabi-gcc "../Core/Src/main.c" -mcpu=cortex-m3 -std=gnu11 -g3 -DDEBUG -DUSE_HAL_DRIVER -DSTM32F103xB -c -I../Core/Inc -I../Drivers/STM32F1xx_HAL_Driver/Inc -I../Drivers/STM32F1xx_HAL_Driver/Inc/Legacy -I../Drivers/CMSIS/Device/ST/STM32F1xx/Include -I../Drivers/CMSIS/Include -O0 -ffunction-sections -fdata-sections -Wall -fstack-usage -MMD -MP -MF"Core/Src/main.d" -MT"Core/Src/main.o" --specs=nano.specs -mfloat-abi=soft -mthumb -o "Core/Src/main.o"
arm-none-eabi-gcc -o "IMU_Kalman_Filter.elf" @"objects.list"   -mcpu=cortex-m3 -T"C:\Users\Kerim\STM32CubeIDE\workspace_1.6.1\IMU_Kalman_Filter\STM32F103C8TX_FLASH.ld" --specs=nosys.specs -Wl,-Map="IMU_Kalman_Filter.map" -Wl,--gc-sections -static -u _printf_float --specs=nano.specs -mfloat-abi=soft -mthumb -Wl,--start-group -lc -lm -Wl,--end-group
Finished building target: IMU_Kalman_Filter.elf
 
arm-none-eabi-objdump -h -S  IMU_Kalman_Filter.elf  > "IMU_Kalman_Filter.list"
arm-none-eabi-objcopy  -O binary  IMU_Kalman_Filter.elf  "IMU_Kalman_Filter.bin"
arm-none-eabi-size   IMU_Kalman_Filter.elf 
   text	   data	    bss	    dec	    hex	filename
  37252	    500	   2180	  39932	   9bfc	IMU_Kalman_Filter.elf
Finished building: default.size.stdout
 
Finished building: IMU_Kalman_Filter.bin
 
Finished building: IMU_Kalman_Filter.list
 
16:23:44 **** Incremental Build of configuration Debug for project IMU_Kalman_Filter ****
make -j8 all 
arm-none-eabi-gcc "../Core/Src/main.c" -mcpu=cortex-m3 -std=gnu11 -g3 -DDEBUG -DUSE_HAL_DRIVER -DSTM32F103xB -c -I../Core/Inc -I../Drivers/STM32F1xx_HAL_Driver/Inc -I../Drivers/STM32F1xx_HAL_Driver/Inc/Legacy -I../Drivers/CMSIS/Device/ST/STM32F1xx/Include -I../Drivers/CMSIS/Include -O0 -ffunction-sections -fdata-sections -Wall -fstack-usage -MMD -MP -MF"Core/Src/main.d" -MT"Core/Src/main.o" --specs=nano.specs -mfloat-abi=soft -mthumb -o "Core/Src/main.o"
arm-none-eabi-gcc -o "IMU_Kalman_Filter.elf" @"objects.list"   -mcpu=cortex-m3 -T"C:\Users\Kerim\STM32CubeIDE\workspace_1.6.1\IMU_Kalman_Filter\STM32F103C8TX_FLASH.ld" --specs=nosys.specs -Wl,-Map="IMU_Kalman_Filter.map" -Wl,--gc-sections -static -u _printf_float --specs=nano.specs -mfloat-abi=soft -mthumb -Wl,--start-group -lc -lm -Wl,--end-group
Finished building target: IMU_Kalman_Filter.elf
 
arm-none-eabi-objdump -h -S  IMU_Kalman_Filter.elf  > "IMU_Kalman_Filter.list"
arm-none-eabi-objcopy  -O binary  IMU_Kalman_Filter.elf  "IMU_Kalman_Filter.bin"
arm-none-eabi-size   IMU_Kalman_Filter.elf 
   text	   data	    bss	    dec	    hex	filename
  37252	    500	   2180	  39932	   9bfc	IMU_Kalman_Filter.elf
Finished building: default.size.stdout
 
Finished building: IMU_Kalman_Filter.bin
 
Finished building: IMU_Kalman_Filter.list
 
